[ NORMAL  ]  ##   Choose a number:
[ NORMAL  ]  ##   0 conf/paris.json
[ NORMAL  ]  ##   1 conf/ibirama.json
[ NORMAL  ]  ##   2 conf/paris2.json
[ NORMAL  ]  ##   3 conf/Test-Copenhagen.json
[ NORMAL  ]  ##   4 conf/QuickTest.json
[ NORMAL  ]  ##   5 conf/SampleConfig.json
[ NORMAL  ]  ##   6 conf/farroupilha.json
[ NORMAL  ]  ##   7 conf/laplata.json
[ NORMAL  ]  ##   8 conf/RioDoSul.json
[ NORMAL  ]  ##   9 conf/Test-SaoPaulo.json
[ NORMAL  ]  ##   10 conf/Test-Berlin.json
[ NORMAL  ]  ##   11 conf/belo.json
[ NORMAL  ]  ##   12 conf/eismassimconfig.json
[ NORMAL  ]  ##   13 conf/chandigarh.json
[ NORMAL  ]  ##   Configuring launch type: key
[ NORMAL  ]  ##   Configuring tournament mode: round-robin
[ NORMAL  ]  ##   Configuring team size: 34
[ NORMAL  ]  ##   Configuring teams per match: 2
[ NORMAL  ]  ##   Configuring port: 12300
[ NORMAL  ]  ##   Configuring backlog: 10000
[ NORMAL  ]  ##   Configuring agent timeout: 4000
[ NORMAL  ]  ##   Configuring log path: logs
[ NORMAL  ]  ##   Configuring log level: normal
[ NORMAL  ]  ##   Configuring result path: results
[ NORMAL  ]  ##   Configuring max packet length: 65536
[ NORMAL  ]  ##   Configuring replay path: replays
[ MONITOR ] Webmonitor listening on http://127.0.0.1:8000/
[ NORMAL  ]  ##   Please press ENTER to start the tournament.
[ MONITOR ] 1 viewer(s) connected
[ NORMAL  ]  ##   got authentication: username=agentB18 password=kF5pLs address=127.0.0.1
[ NORMAL  ]  ##   got authentication: username=agentB34 password=kF5pLs address=127.0.0.1
[ NORMAL  ]  ##   got authentication: username=agentB20 password=kF5pLs address=127.0.0.1
[ NORMAL  ]  ##   got authentication: username=agentB19 password=kF5pLs address=127.0.0.1
[ NORMAL  ]  ##   got authentication: username=agentB28 password=kF5pLs address=127.0.0.1
[ NORMAL  ]  ##   got authentication: username=agentB12 password=kF5pLs address=127.0.0.1
[ NORMAL  ]  ##   got authentication: username=agentB29 password=kF5pLs address=127.0.0.1
[ NORMAL  ]  ##   got authentication: username=agentB21 password=kF5pLs address=127.0.0.1
[ NORMAL  ]  ##   got authentication: username=agentB24 password=kF5pLs address=127.0.0.1
[ NORMAL  ]  ##   got authentication: username=agentB27 password=kF5pLs address=127.0.0.1
[ NORMAL  ]  ##   got authentication: username=agentB15 password=kF5pLs address=127.0.0.1
[ NORMAL  ]  ##   got authentication: username=agentB16 password=kF5pLs address=127.0.0.1
[ NORMAL  ]  ##   got authentication: username=agentB25 password=kF5pLs address=127.0.0.1
[ NORMAL  ]  ##   got authentication: username=agentB14 password=kF5pLs address=127.0.0.1
[ NORMAL  ]  ##   got authentication: username=agentB26 password=kF5pLs address=127.0.0.1
[ NORMAL  ]  ##   got authentication: username=agentB13 password=kF5pLs address=127.0.0.1
[ NORMAL  ]  ##   got authentication: username=agentB22 password=kF5pLs address=127.0.0.1
[ NORMAL  ]  ##   got authentication: username=agentB7 password=kF5pLs address=127.0.0.1
[ NORMAL  ]  ##   got authentication: username=agentB17 password=kF5pLs address=127.0.0.1
[ NORMAL  ]  ##   got authentication: username=agentB23 password=kF5pLs address=127.0.0.1
[ NORMAL  ]  ##   got authentication: username=agentB8 password=kF5pLs address=127.0.0.1
[ NORMAL  ]  ##   got authentication: username=agentB4 password=kF5pLs address=127.0.0.1
[ NORMAL  ]  ##   got authentication: username=agentB32 password=kF5pLs address=127.0.0.1
[ NORMAL  ]  ##   got authentication: username=agentB10 password=kF5pLs address=127.0.0.1
[ NORMAL  ]  ##   got authentication: username=agentB5 password=kF5pLs address=127.0.0.1
[ NORMAL  ]  ##   got authentication: username=agentB9 password=kF5pLs address=127.0.0.1
[ NORMAL  ]  ##   got authentication: username=agentB6 password=kF5pLs address=127.0.0.1
[ NORMAL  ]  ##   got authentication: username=agentB11 password=kF5pLs address=127.0.0.1
[ NORMAL  ]  ##   got authentication: username=agentB3 password=kF5pLs address=127.0.0.1
[ NORMAL  ]  ##   got authentication: username=agentB33 password=kF5pLs address=127.0.0.1
[ NORMAL  ]  ##   got authentication: username=agentB1 password=kF5pLs address=127.0.0.1
[ NORMAL  ]  ##   got authentication: username=agentB16 password=kF5pLs address=127.0.0.1
[ NORMAL  ]  ##   got authentication: username=agentB19 password=kF5pLs address=127.0.0.1
[ NORMAL  ]  ##   got authentication: username=agentB30 password=kF5pLs address=127.0.0.1
[ NORMAL  ]  ##   got authentication: username=agentB2 password=kF5pLs address=127.0.0.1
[ NORMAL  ]  ##   got authentication: username=agentB31 password=kF5pLs address=127.0.0.1
[ NORMAL  ]  ##   got authentication: username=akuanduba_udesc2 password=kF5pLs address=127.0.0.1
[ NORMAL  ]  ##   got authentication: username=akuanduba_udesc16 password=kF5pLs address=127.0.0.1
[ NORMAL  ]  ##   got authentication: username=akuanduba_udesc1 password=kF5pLs address=127.0.0.1
[ NORMAL  ]  ##   got authentication: username=akuanduba_udesc19 password=kF5pLs address=127.0.0.1
[ NORMAL  ]  ##   got authentication: username=akuanduba_udesc17 password=kF5pLs address=127.0.0.1
[ NORMAL  ]  ##   got authentication: username=akuanduba_udesc12 password=kF5pLs address=127.0.0.1
[ NORMAL  ]  ##   got authentication: username=akuanduba_udesc18 password=kF5pLs address=127.0.0.1
[ NORMAL  ]  ##   got authentication: username=akuanduba_udesc34 password=kF5pLs address=127.0.0.1
[ NORMAL  ]  ##   got authentication: username=akuanduba_udesc13 password=kF5pLs address=127.0.0.1
[ NORMAL  ]  ##   got authentication: username=akuanduba_udesc14 password=kF5pLs address=127.0.0.1
[ NORMAL  ]  ##   got authentication: username=akuanduba_udesc15 password=kF5pLs address=127.0.0.1
[ NORMAL  ]  ##   got authentication: username=akuanduba_udesc30 password=kF5pLs address=127.0.0.1
[ NORMAL  ]  ##   got authentication: username=akuanduba_udesc31 password=kF5pLs address=127.0.0.1
[ NORMAL  ]  ##   got authentication: username=akuanduba_udesc10 password=kF5pLs address=127.0.0.1
[ NORMAL  ]  ##   got authentication: username=akuanduba_udesc32 password=kF5pLs address=127.0.0.1
[ NORMAL  ]  ##   got authentication: username=akuanduba_udesc11 password=kF5pLs address=127.0.0.1
[ NORMAL  ]  ##   got authentication: username=akuanduba_udesc33 password=kF5pLs address=127.0.0.1
[ NORMAL  ]  ##   got authentication: username=akuanduba_udesc8 password=kF5pLs address=127.0.0.1
[ NORMAL  ]  ##   got authentication: username=akuanduba_udesc7 password=kF5pLs address=127.0.0.1
[ NORMAL  ]  ##   got authentication: username=akuanduba_udesc9 password=kF5pLs address=127.0.0.1
[ NORMAL  ]  ##   got authentication: username=akuanduba_udesc4 password=kF5pLs address=127.0.0.1
[ NORMAL  ]  ##   got authentication: username=akuanduba_udesc3 password=kF5pLs address=127.0.0.1
[ NORMAL  ]  ##   got authentication: username=akuanduba_udesc5 password=kF5pLs address=127.0.0.1
[ NORMAL  ]  ##   got authentication: username=akuanduba_udesc6 password=kF5pLs address=127.0.0.1
[ NORMAL  ]  ##   got authentication: username=akuanduba_udesc28 password=kF5pLs address=127.0.0.1
[ NORMAL  ]  ##   got authentication: username=akuanduba_udesc27 password=kF5pLs address=127.0.0.1
[ NORMAL  ]  ##   got authentication: username=akuanduba_udesc29 password=kF5pLs address=127.0.0.1
[ NORMAL  ]  ##   got authentication: username=akuanduba_udesc23 password=kF5pLs address=127.0.0.1
[ NORMAL  ]  ##   got authentication: username=akuanduba_udesc24 password=kF5pLs address=127.0.0.1
[ NORMAL  ]  ##   got authentication: username=akuanduba_udesc25 password=kF5pLs address=127.0.0.1
[ NORMAL  ]  ##   got authentication: username=akuanduba_udesc26 password=kF5pLs address=127.0.0.1
[ NORMAL  ]  ##   got authentication: username=akuanduba_udesc20 password=kF5pLs address=127.0.0.1
[ NORMAL  ]  ##   got authentication: username=akuanduba_udesc21 password=kF5pLs address=127.0.0.1
[ NORMAL  ]  ##   got authentication: username=akuanduba_udesc22 password=kF5pLs address=127.0.0.1
[ NORMAL  ]  ##   got authentication: username=agentB16 password=kF5pLs address=127.0.0.1
[ NORMAL  ]  ##   got authentication: username=agentB19 password=kF5pLs address=127.0.0.1
[ NORMAL  ]  ##   Configuring random seed: 18
[ NORMAL  ]  ##   Configuring facilities quadSize: 0.04
[ NORMAL  ]  ##   Configuring facilities charging station density: 0.9
[ NORMAL  ]  ##   Configuring facilities charging station rateMin: 20
[ NORMAL  ]  ##   Configuring facilities charging station rateMax: 40
[ NORMAL  ]  ##   Configuring facilities shop density: 0.8
[ NORMAL  ]  ##   Config: tradeModMin set to 1
[ NORMAL  ]  ##   Config: tradeModMax set to 4
[ NORMAL  ]  ##   Configuring facilities dump density: 0.6
[ NORMAL  ]  ##   Configuring facilities workshops density: 0.6
[ NORMAL  ]  ##   Configuring facilities storage density: 0.8
[ NORMAL  ]  ##   Configuring facilities storage capacityMin: 7500
[ NORMAL  ]  ##   Configuring facilities storage capacityMax: 15000
[ NORMAL  ]  ##   Configuring facilities resource node density: 0.7
[ NORMAL  ]  ##   Config: thresholdMin set to 10
[ NORMAL  ]  ##   Config: thresholdMax set to 20
[ NORMAL  ]  ##   Config: wellTypesMin set to 2
[ NORMAL  ]  ##   Config: wellTypesMax set to 5
[ NORMAL  ]  ##   Config: baseEfficiencyMin set to 1
[ NORMAL  ]  ##   Config: baseEfficiencyMax set to 5
[ NORMAL  ]  ##   Config: efficiencyIncreaseMin set to 1
[ NORMAL  ]  ##   Config: efficiencyIncreaseMax set to 5
[ NORMAL  ]  ##   Config: baseIntegrityMin set to 50
[ NORMAL  ]  ##   Config: baseIntegrityMax set to 100
[ NORMAL  ]  ##   Config: costFactor set to 100
[ NORMAL  ]  ##   Configuring items levelDecreaseMin: 1
[ NORMAL  ]  ##   Configuring items levelDecreaseMax: 2
[ NORMAL  ]  ##   Configuring items graphDepthMin: 3
[ NORMAL  ]  ##   Configuring items graphDepthMax: 4
[ NORMAL  ]  ##   Configuring items resourcesMin: 4
[ NORMAL  ]  ##   Configuring items resourcesMax: 6
[ NORMAL  ]  ##   Config: volMin set to 5
[ NORMAL  ]  ##   Config: volMax set to 10
[ NORMAL  ]  ##   Config: partsMin set to 2
[ NORMAL  ]  ##   Config: partsMax set to 8
[ NORMAL  ]  ##   Config: jobProbability set to 0.2
[ NORMAL  ]  ##   Config: auctionProbability set to 0.1
[ NORMAL  ]  ##   Config: missionProbability set to 0.01
[ NORMAL  ]  ##   Config: jobDurationMin set to 50
[ NORMAL  ]  ##   Config: jobDurationMax set to 100
[ NORMAL  ]  ##   Config: rewardModMin set to 100
[ NORMAL  ]  ##   Config: rewardModMax set to 200
[ NORMAL  ]  ##   Config: rewardScale set to 5
[ NORMAL  ]  ##   Config: itemCountMin set to 2
[ NORMAL  ]  ##   Config: itemCountMax set to 10
[ NORMAL  ]  ##   Config: auctionTime set to 5
[ NORMAL  ]  ##   Configuring simulation id: 2018-Test-Berlin
[ NORMAL  ]  ##   Configuring scenario map: berlin
[ NORMAL  ]  ##   Configuring scenario seedCapital: 5000
[ NORMAL  ]  ##   Configuring scenario minLon: 13.35
[ NORMAL  ]  ##   Configuring scenario maxLon: 13.5
[ NORMAL  ]  ##   Configuring scenario minLat: 52.44
[ NORMAL  ]  ##   Configuring scenario maxLat: 52.54
[ NORMAL  ]  ##   Configuring scenario proximity: 5
[ NORMAL  ]  ##   Configuring scenario cellSize: 200
[ NORMAL  ]  ##   Configuring scenario centerLat: 52.5
[ NORMAL  ]  ##   Configuring scenario centerLon: 13.4
[ NORMAL  ]  ##   Configuring random fail probability: 1
[ NORMAL  ]  ##   Configuring cost for goto: 1
[ NORMAL  ]  ##   Configuring recharge rate: 0.3
[ NORMAL  ]  ##   item0: vol(7), val(0)
[ NORMAL  ]  ##   item1: vol(5), val(0)
[ NORMAL  ]  ##   item2: vol(9), val(0)
[ NORMAL  ]  ##   item3: vol(7), val(0)
[ NORMAL  ]  ##   item4: vol(5), val(0)
[ NORMAL  ]  ##   item5: vol(5), val(2)
[ NORMAL  ]  ##   item6: vol(5), val(5)
[ NORMAL  ]  ##   item7: vol(5), val(5)
[ NORMAL  ]  ##   item8: vol(10), val(2)
[ NORMAL  ]  ##   item9: vol(6), val(13)
[ NORMAL  ]  ##   item10: vol(7), val(8)
[ NORMAL  ]  ##   Created facility: chargingStation0 loc(13.37615,52.45085) rate(22)
[ NORMAL  ]  ##   Created facility: chargingStation1 loc(13.41797,52.47017) rate(33)
[ NORMAL  ]  ##   Created facility: chargingStation2 loc(13.4628,52.47751) rate(24)
[ NORMAL  ]  ##   Created facility: chargingStation3 loc(13.48436,52.46791) rate(33)
[ NORMAL  ]  ##   Created facility: chargingStation4 loc(13.37432,52.48942) rate(27)
[ NORMAL  ]  ##   Created facility: chargingStation5 loc(13.43592,52.50525) rate(35)
[ NORMAL  ]  ##   Created facility: chargingStation6 loc(13.40464,52.53986) rate(20)
[ NORMAL  ]  ##   Created facility: chargingStation7 loc(13.43962,52.53748) rate(23)
[ NORMAL  ]  ##   Created facility: chargingStation8 loc(13.49176,52.53994) rate(23)
[ NORMAL  ]  ##   Created facility: shop0 loc(13.36421,52.45734) tradeMod(1)
[ NORMAL  ]  ##   Created facility: shop1 loc(13.41848,52.45485) tradeMod(4)
[ NORMAL  ]  ##   Created facility: shop2 loc(13.43901,52.44807) tradeMod(1)
[ NORMAL  ]  ##   Created facility: shop3 loc(13.48212,52.47937) tradeMod(1)
[ NORMAL  ]  ##   Created facility: shop4 loc(13.39246,52.51067) tradeMod(4)
[ NORMAL  ]  ##   Created facility: shop5 loc(13.49998,52.50933) tradeMod(4)
[ NORMAL  ]  ##   Created facility: shop6 loc(13.38097,52.53968) tradeMod(3)
[ NORMAL  ]  ##   Created facility: shop7 loc(13.42333,52.53978) tradeMod(4)
[ NORMAL  ]  ##   Created facility: shop8 loc(13.45976,52.52485) tradeMod(2)
[ NORMAL  ]  ##   Created facility: shop9 loc(13.49997,52.53189) tradeMod(1)
[ NORMAL  ]  ##   Created facility: dump0 loc(13.41787,52.44385)
[ NORMAL  ]  ##   Created facility: dump1 loc(13.37728,52.51421)
[ NORMAL  ]  ##   Created facility: dump2 loc(13.4296,52.48404)
[ NORMAL  ]  ##   Created facility: dump3 loc(13.42458,52.53237)
[ NORMAL  ]  ##   Created facility: workshop0 loc(13.37565,52.44337)
[ NORMAL  ]  ##   Created facility: workshop1 loc(13.42151,52.44189)
[ NORMAL  ]  ##   Created facility: workshop2 loc(13.49999,52.44766)
[ NORMAL  ]  ##   Created facility: workshop3 loc(13.35467,52.51721)
[ NORMAL  ]  ##   Created facility: workshop4 loc(13.4256,52.49285)
[ NORMAL  ]  ##   Created facility: workshop5 loc(13.45159,52.48711)
[ NORMAL  ]  ##   Created facility: workshop6 loc(13.48799,52.51662)
[ NORMAL  ]  ##   Created facility: workshop7 loc(13.35504,52.53197)
[ NORMAL  ]  ##   Created facility: workshop8 loc(13.48416,52.53976)
[ NORMAL  ]  ##   Created facility: storage0 loc(13.48936,52.44615) capacity(13040)
[ NORMAL  ]  ##   Created facility: storage1 loc(13.35738,52.51692) capacity(7636)
[ NORMAL  ]  ##   Created facility: storage2 loc(13.44293,52.48812) capacity(11634)
[ NORMAL  ]  ##   Created facility: storage3 loc(13.35847,52.5262) capacity(11862)
[ NORMAL  ]  ##   Created facility: storage4 loc(13.4213,52.53778) capacity(8810)
[ NORMAL  ]  ##   Created facility: storage5 loc(13.43479,52.53521) capacity(9153)
[ NORMAL  ]  ##   Created facility: storage6 loc(13.49914,52.5397) capacity(13885)
[ NORMAL  ]  ##   Created facility: node0 loc(13.35948,52.53359)
[ NORMAL  ]  ##   Created facility: node1 loc(13.39059,52.50089)
[ NORMAL  ]  ##   Created facility: node2 loc(13.45776,52.45282)
[ NORMAL  ]  ##   Created facility: node3 loc(13.38638,52.50863)
[ NORMAL  ]  ##   Created facility: node4 loc(13.45731,52.45344)
[ NORMAL  ]  ##   Created facility: node5 loc(13.37461,52.45492)
[ NORMAL  ]  ##   Created facility: node6 loc(13.42266,52.46138)
[ NORMAL  ]  ##   Created facility: node7 loc(13.45723,52.44922)
[ NORMAL  ]  ##   Created facility: node8 loc(13.48273,52.44637)
[ NORMAL  ]  ##   Created facility: node9 loc(13.35137,52.50266)
[ NORMAL  ]  ##   Created facility: node10 loc(13.4022,52.49843)
[ NORMAL  ]  ##   Created facility: node11 loc(13.47128,52.4966)
[ NORMAL  ]  ##   Created facility: node12 loc(13.37089,52.5223)
[ NORMAL  ]  ##   Created facility: node13 loc(13.45103,52.53999)
[ NORMAL  ]  ##   wellType0: eff(4), int(55), cost(600)
[ NORMAL  ]  ##   wellType1: eff(6), int(72), cost(844)
[ NORMAL  ]  ##   wellType2: eff(7), int(67), cost(964)
[ NORMAL  ]  ##   Simulation at step 0
[ NORMAL  ]  ##   No valid action available in time for agent agentB11.
[ NORMAL  ]  ##   No valid action available in time for agent agentB23.
[ NORMAL  ]  ##   No valid action available in time for agent agentB31.
[ NORMAL  ]  ##   No valid action available in time for agent akuanduba_udesc6.
[ NORMAL  ]  ##   No valid action available in time for agent akuanduba_udesc25.
[ NORMAL  ]  ##   No valid action available in time for agent akuanduba_udesc17.
[ NORMAL  ]  ##   No valid action available in time for agent agentB7.
[ NORMAL  ]  ##   No valid action available in time for agent akuanduba_udesc31.
[ NORMAL  ]  ##   No valid action available in time for agent akuanduba_udesc33.
[ NORMAL  ]  ##   No valid action available in time for agent agentB16.
[ NORMAL  ]  ##   No valid action available in time for agent akuanduba_udesc24.
[ NORMAL  ]  ##   No valid action available in time for agent agentB15.
[ NORMAL  ]  ##   No valid action available in time for agent akuanduba_udesc18.
[ NORMAL  ]  ##   No valid action available in time for agent akuanduba_udesc7.
[ NORMAL  ]  ##   No valid action available in time for agent agentB26.
[ NORMAL  ]  ##   No valid action available in time for agent agentB6.
[ NORMAL  ]  ##   No valid action available in time for agent agentB17.
[ NORMAL  ]  ##   No valid action available in time for agent akuanduba_udesc12.
[ NORMAL  ]  ##   No valid action available in time for agent akuanduba_udesc1.
[ NORMAL  ]  ##   No valid action available in time for agent akuanduba_udesc10.
[ NORMAL  ]  ##   No valid action available in time for agent akuanduba_udesc26.
[ NORMAL  ]  ##   No valid action available in time for agent akuanduba_udesc11.
[ NORMAL  ]  ##   No valid action available in time for agent akuanduba_udesc4.
[ NORMAL  ]  ##   No valid action available in time for agent akuanduba_udesc28.
[ NORMAL  ]  ##   No valid action available in time for agent agentB14.
[ NORMAL  ]  ##   No valid action available in time for agent akuanduba_udesc23.
[ NORMAL  ]  ##   No valid action available in time for agent akuanduba_udesc30.
[ NORMAL  ]  ##   No valid action available in time for agent agentB8.
[ NORMAL  ]  ##   No valid action available in time for agent agentB2.
[ NORMAL  ]  ##   No valid action available in time for agent akuanduba_udesc13.
[ NORMAL  ]  ##   No valid action available in time for agent agentB30.
[ NORMAL  ]  ##   No valid action available in time for agent akuanduba_udesc21.
[ NORMAL  ]  ##   No valid action available in time for agent akuanduba_udesc16.
[ NORMAL  ]  ##   No valid action available in time for agent akuanduba_udesc3.
[ NORMAL  ]  ##   No valid action available in time for agent agentB33.
[ NORMAL  ]  ##   No valid action available in time for agent agentB27.
[ NORMAL  ]  ##   No valid action available in time for agent akuanduba_udesc29.
[ NORMAL  ]  ##   No valid action available in time for agent agentB34.
[ NORMAL  ]  ##   No valid action available in time for agent akuanduba_udesc19.
[ NORMAL  ]  ##   No valid action available in time for agent akuanduba_udesc32.
[ NORMAL  ]  ##   No valid action available in time for agent akuanduba_udesc5.
[ NORMAL  ]  ##   No valid action available in time for agent agentB28.
[ NORMAL  ]  ##   No valid action available in time for agent akuanduba_udesc22.
[ NORMAL  ]  ##   No valid action available in time for agent akuanduba_udesc27.
[ NORMAL  ]  ##   No valid action available in time for agent akuanduba_udesc9.
[ NORMAL  ]  ##   No valid action available in time for agent agentB21.
[ NORMAL  ]  ##   No valid action available in time for agent agentB5.
[ NORMAL  ]  ##   No valid action available in time for agent akuanduba_udesc20.
[ NORMAL  ]  ##   No valid action available in time for agent akuanduba_udesc34.
[ NORMAL  ]  ##   No valid action available in time for agent agentB25.
[ NORMAL  ]  ##   No valid action available in time for agent akuanduba_udesc8.
[ NORMAL  ]  ##   No valid action available in time for agent agentB18.
[ NORMAL  ]  ##   No valid action available in time for agent agentB12.
[ NORMAL  ]  ##   No valid action available in time for agent agentB20.
[ NORMAL  ]  ##   No valid action available in time for agent agentB1.
[ NORMAL  ]  ##   No valid action available in time for agent agentB3.
[ NORMAL  ]  ##   No valid action available in time for agent agentB9.
[ NORMAL  ]  ##   No valid action available in time for agent agentB4.
[ NORMAL  ]  ##   No valid action available in time for agent akuanduba_udesc2.
[ NORMAL  ]  ##   No valid action available in time for agent agentB22.
[ NORMAL  ]  ##   No valid action available in time for agent akuanduba_udesc15.
[ NORMAL  ]  ##   No valid action available in time for agent akuanduba_udesc14.
[ NORMAL  ]  ##   Simulation at step 1
[ NORMAL  ]  ##   New AuctionJob: resources(20), reward(235), 2-67, storage6, 1x item8, 1x item9, 1x item7
[ NORMAL  ]  ##   New Job: resources(33), reward(311), 2-73, storage1, 3x item8, 2x item6, 2x item5, 1x item7, 1x item10
[ NORMAL  ]  ##   No valid action available in time for agent akuanduba_udesc3.
[ NORMAL  ]  ##   No valid action available in time for agent akuanduba_udesc4.
[ NORMAL  ]  ##   No valid action available in time for agent akuanduba_udesc5.
[ NORMAL  ]  ##   No valid action available in time for agent akuanduba_udesc1.
[ NORMAL  ]  ##   No valid action available in time for agent akuanduba_udesc25.
[ NORMAL  ]  ##   No valid action available in time for agent akuanduba_udesc2.
[ NORMAL  ]  ##   No valid action available in time for agent akuanduba_udesc24.
[ NORMAL  ]  ##   No valid action available in time for agent akuanduba_udesc23.
[ NORMAL  ]  ##   No valid action available in time for agent akuanduba_udesc26.
[ NORMAL  ]  ##   No valid action available in time for agent akuanduba_udesc29.
[ NORMAL  ]  ##   No valid action available in time for agent akuanduba_udesc7.
[ NORMAL  ]  ##   No valid action available in time for agent akuanduba_udesc9.
[ NORMAL  ]  ##   No valid action available in time for agent akuanduba_udesc8.
[ NORMAL  ]  ##   No valid action available in time for agent akuanduba_udesc31.
[ NORMAL  ]  ##   No valid action available in time for agent akuanduba_udesc30.
[ NORMAL  ]  ##   No valid action available in time for agent akuanduba_udesc28.
[ NORMAL  ]  ##   No valid action available in time for agent akuanduba_udesc33.
[ NORMAL  ]  ##   No valid action available in time for agent akuanduba_udesc32.
[ NORMAL  ]  ##   No valid action available in time for agent akuanduba_udesc27.
[ NORMAL  ]  ##   No valid action available in time for agent akuanduba_udesc20.
[ NORMAL  ]  ##   No valid action available in time for agent akuanduba_udesc14.
[ NORMAL  ]  ##   No valid action available in time for agent akuanduba_udesc22.
[ NORMAL  ]  ##   No valid action available in time for agent akuanduba_udesc34.
[ NORMAL  ]  ##   No valid action available in time for agent akuanduba_udesc15.
[ NORMAL  ]  ##   No valid action available in time for agent akuanduba_udesc21.
[ NORMAL  ]  ##   No valid action available in time for agent akuanduba_udesc10.
[ NORMAL  ]  ##   No valid action available in time for agent akuanduba_udesc13.
[ NORMAL  ]  ##   No valid action available in time for agent akuanduba_udesc12.
[ NORMAL  ]  ##   No valid action available in time for agent akuanduba_udesc16.
[ NORMAL  ]  ##   No valid action available in time for agent akuanduba_udesc17.
[ NORMAL  ]  ##   No valid action available in time for agent akuanduba_udesc11.
[ NORMAL  ]  ##   Simulation at step 2
[ NORMAL  ]  ##   No valid action available in time for agent akuanduba_udesc25.
[ NORMAL  ]  ##   Simulation at step 3
[ NORMAL  ]  ##   Simulation at step 4
[ NORMAL  ]  ##   Simulation at step 5
[ NORMAL  ]  ##   Simulation at step 6
[ NORMAL  ]  ##   New AuctionJob: resources(15), reward(203), 7-80, storage3, 1x item8, 1x item9
[ NORMAL  ]  ##   Simulation at step 7
[ NORMAL  ]  ##   New Job: resources(36), reward(312), 8-98, storage0, 1x item5, 1x item9, 1x item7, 2x item10
[ NORMAL  ]  ##   Simulation at step 8
[ NORMAL  ]  ##   Simulation at step 9
[ NORMAL  ]  ##   New Job: resources(13), reward(181), 10-98, storage6, 1x item6, 1x item10
[ MONITOR ] 0 viewer(s) connected
[ NORMAL  ]  ##   Simulation at step 10
[ MONITOR ] 1 viewer(s) connected
[ NORMAL  ]  ##   Simulation at step 11
[ NORMAL  ]  ##   New Job: resources(29), reward(280), 12-92, storage2, 1x item6, 3x item5, 1x item9, 1x item7
[ NORMAL  ]  ##   Simulation at step 12
[ NORMAL  ]  ##   Simulation at step 13
[ NORMAL  ]  ##   Simulation at step 14
[ NORMAL  ]  ##   Simulation at step 15
[ NORMAL  ]  ##   Simulation at step 16
[ NORMAL  ]  ##   New AuctionJob: resources(12), reward(188), 17-91, storage0, 2x item8, 1x item10
[ NORMAL  ]  ##   Simulation at step 17
[ NORMAL  ]  ##   New AuctionJob: resources(33), reward(310), 18-73, storage0, 2x item6, 1x item5, 1x item9, 1x item10
[ NORMAL  ]  ##   Simulation at step 18
[ NORMAL  ]  ##   New AuctionJob: resources(58), reward(431), 19-72, storage4, 2x item8, 2x item6, 2x item9, 2x item7, 1x item10
[ NORMAL  ]  ##   Simulation at step 19
[ NORMAL  ]  ##   Simulation at step 20
[ NORMAL  ]  ##   Simulation at step 21
[ NORMAL  ]  ##   New AuctionJob: resources(50), reward(442), 22-116, storage2, 2x item8, 1x item6, 1x item5, 2x item9, 1x item7, 1x item10
[ NORMAL  ]  ##   Simulation at step 22
[ NORMAL  ]  ##   Simulation at step 23
[ NORMAL  ]  ##   Simulation at step 24
[ NORMAL  ]  ##   Simulation at step 25
[ NORMAL  ]  ##   Simulation at step 26
[ NORMAL  ]  ##   New Job: resources(63), reward(469), 27-93, storage3, 1x item8, 1x item6, 2x item5, 3x item9, 1x item7, 1x item10
[ NORMAL  ]  ##   New AuctionJob: resources(9), reward(180), 27-83, storage5, 1x item8, 1x item5, 1x item7
[ NORMAL  ]  ##   Simulation at step 27
[ NORMAL  ]  ##   Simulation at step 28
[ NORMAL  ]  ##   New Job: resources(70), reward(484), 29-126, storage5, 2x item6, 4x item9, 1x item10
[ NORMAL  ]  ##   Simulation at step 29
[ NORMAL  ]  ##   Simulation at step 30
[ NORMAL  ]  ##   New Job: resources(30), reward(278), 31-109, storage0, 2x item8, 2x item9
[ NORMAL  ]  ##   Simulation at step 31
[ NORMAL  ]  ##   New Mission: resources(39), reward(317), 32-106, storage5, 2x item8, 3x item6, 1x item5, 2x item7, 1x item10
[ NORMAL  ]  ##   New Mission: resources(39), reward(317), 32-106, storage5, 2x item8, 3x item6, 1x item5, 2x item7, 1x item10
[ NORMAL  ]  ##   New Job: resources(48), reward(392), 32-115, storage2, 2x item8, 1x item5, 2x item9, 2x item10
[ NORMAL  ]  ##   Simulation at step 32
[ NORMAL  ]  ##   Simulation at step 33
[ NORMAL  ]  ##   New AuctionJob: resources(38), reward(329), 34-122, storage3, 1x item5, 2x item9, 2x item7
[ NORMAL  ]  ##   Simulation at step 34
[ NORMAL  ]  ##   New Job: resources(23), reward(304), 35-101, storage1, 1x item8, 1x item9, 1x item10
[ NORMAL  ]  ##   Simulation at step 35
[ NORMAL  ]  ##   Simulation at step 36
[ NORMAL  ]  ##   Simulation at step 37
[ NORMAL  ]  ##   New Job: resources(69), reward(517), 38-95, storage6, 1x item8, 3x item6, 2x item9, 2x item7, 2x item10
[ NORMAL  ]  ##   Simulation at step 38
[ NORMAL  ]  ##   New Job: resources(22), reward(226), 39-103, storage0, 1x item8, 1x item5, 1x item9, 1x item7
[ NORMAL  ]  ##   Simulation at step 39
[ NORMAL  ]  ##   Simulation at step 40
[ NORMAL  ]  ##   Simulation at step 41
[ NORMAL  ]  ##   Simulation at step 42
[ NORMAL  ]  ##   New AuctionJob: resources(53), reward(384), 43-138, storage1, 1x item8, 4x item6, 1x item9, 2x item7, 1x item10
[ NORMAL  ]  ##   New Job: resources(26), reward(256), 43-137, storage2, 2x item8, 2x item5, 1x item9, 1x item7
[ NORMAL  ]  ##   Simulation at step 43
[ NORMAL  ]  ##   New Job: resources(7), reward(207), 44-139, storage5, 1x item8, 1x item7
[ NORMAL  ]  ##   Simulation at step 44
[ NORMAL  ]  ##   Simulation at step 45
[ NORMAL  ]  ##   New Job: resources(48), reward(365), 46-116, storage6, 1x item8, 2x item6, 1x item5, 1x item9, 1x item7, 2x item10
[ NORMAL  ]  ##   Simulation at step 46
[ NORMAL  ]  ##   Simulation at step 47
[ NORMAL  ]  ##   Simulation at step 48
[ NORMAL  ]  ##   Simulation at step 49
[ NORMAL  ]  ##   Simulation at step 50
[ NORMAL  ]  ##   Simulation at step 51
[ NORMAL  ]  ##   Simulation at step 52
[ NORMAL  ]  ##   New AuctionJob: resources(52), reward(376), 53-128, storage2, 2x item6, 4x item5, 2x item9, 1x item10
[ NORMAL  ]  ##   Simulation at step 53
[ NORMAL  ]  ##   Simulation at step 54
[ NORMAL  ]  ##   Simulation at step 55
[ NORMAL  ]  ##   Simulation at step 56
[ NORMAL  ]  ##   Simulation at step 57
[ NORMAL  ]  ##   Simulation at step 58
[ NORMAL  ]  ##   Simulation at step 59
[ NORMAL  ]  ##   New Job: resources(51), reward(392), 60-115, storage6, 2x item5, 1x item9, 2x item7, 3x item10
[ NORMAL  ]  ##   Simulation at step 60
[ NORMAL  ]  ##   Simulation at step 61
[ NORMAL  ]  ##   Simulation at step 62
[ NORMAL  ]  ##   Simulation at step 63
[ NORMAL  ]  ##   Simulation at step 64
[ NORMAL  ]  ##   New Job: resources(11), reward(221), 65-142, storage6, 1x item8, 2x item5, 1x item7
[ NORMAL  ]  ##   Simulation at step 65
[ NORMAL  ]  ##   Simulation at step 66
[ NORMAL  ]  ##   Simulation at step 67
[ NORMAL  ]  ##   Simulation at step 68
[ NORMAL  ]  ##   Simulation at step 69
[ NORMAL  ]  ##   Simulation at step 70
[ NORMAL  ]  ##   Simulation at step 71
[ NORMAL  ]  ##   Simulation at step 72
[ NORMAL  ]  ##   Simulation at step 73
[ NORMAL  ]  ##   New Job: resources(4), reward(203), 74-144, storage1, 1x item8, 1x item5
[ NORMAL  ]  ##   Simulation at step 74
[ NORMAL  ]  ##   Simulation at step 75
[ NORMAL  ]  ##   Simulation at step 76
[ NORMAL  ]  ##   New AuctionJob: resources(10), reward(181), 77-170, storage4, 1x item8, 1x item10
[ NORMAL  ]  ##   Simulation at step 77
[ NORMAL  ]  ##   New Job: resources(14), reward(185), 78-164, storage3, 1x item8, 1x item6, 1x item5, 1x item7
[ NORMAL  ]  ##   Simulation at step 78
[ NORMAL  ]  ##   Simulation at step 79
[ NORMAL  ]  ##   Simulation at step 80
[ NORMAL  ]  ##   Simulation at step 81
[ NORMAL  ]  ##   Simulation at step 82
[ NORMAL  ]  ##   Simulation at step 83
[ NORMAL  ]  ##   New Job: resources(12), reward(194), 84-163, storage4, 2x item5, 1x item10
[ NORMAL  ]  ##   Simulation at step 84
[ NORMAL  ]  ##   Simulation at step 85
[ NORMAL  ]  ##   Simulation at step 86
[ NORMAL  ]  ##   Simulation at step 87
[ NORMAL  ]  ##   New Job: resources(17), reward(190), 88-177, storage0, 1x item8, 1x item5, 1x item9
[ NORMAL  ]  ##   Simulation at step 88
[ NORMAL  ]  ##   New AuctionJob: resources(71), reward(504), 89-178, storage0, 1x item8, 3x item6, 3x item9, 3x item7
[ NORMAL  ]  ##   Simulation at step 89
[ NORMAL  ]  ##   Simulation at step 90
[ NORMAL  ]  ##   Simulation at step 91
[ NORMAL  ]  ##   Simulation at step 92
[ NORMAL  ]  ##   New Job: resources(10), reward(177), 93-189, storage5, 1x item8, 1x item10
[ NORMAL  ]  ##   Simulation at step 93
[ NORMAL  ]  ##   Simulation at step 94
[ NORMAL  ]  ##   Simulation at step 95
[ NORMAL  ]  ##   New Job: resources(18), reward(215), 96-177, storage5, 1x item8, 2x item10
[ NORMAL  ]  ##   Simulation at step 96
[ NORMAL  ]  ##   Simulation at step 97
[ NORMAL  ]  ##   Simulation at step 98
[ NORMAL  ]  ##   Simulation at step 99
[ NORMAL  ]  ##   Simulation at step 100
[ NORMAL  ]  ##   Simulation at step 101
[ NORMAL  ]  ##   Simulation at step 102
[ NORMAL  ]  ##   Simulation at step 103
[ NORMAL  ]  ##   Simulation at step 104
[ NORMAL  ]  ##   New AuctionJob: resources(34), reward(324), 105-176, storage1, 1x item8, 1x item6, 2x item5, 1x item9, 2x item7
[ NORMAL  ]  ##   Simulation at step 105
[ NORMAL  ]  ##   Simulation at step 106
[ NORMAL  ]  ##   Simulation at step 107
[ NORMAL  ]  ##   Simulation at step 108
[ NORMAL  ]  ##   Simulation at step 109
[ NORMAL  ]  ##   Simulation at step 110
[ NORMAL  ]  ##   New Job: resources(38), reward(309), 111-169, storage1, 2x item6, 1x item5, 2x item9
[ NORMAL  ]  ##   Simulation at step 111
[ NORMAL  ]  ##   Simulation at step 112
[ NORMAL  ]  ##   Simulation at step 113
[ NORMAL  ]  ##   Simulation at step 114
[ NORMAL  ]  ##   New Job: resources(25), reward(322), 115-166, storage0, 1x item8, 1x item9, 2x item7
[ NORMAL  ]  ##   Simulation at step 115
[ NORMAL  ]  ##   Simulation at step 116
[ NORMAL  ]  ##   New Job: resources(26), reward(255), 117-194, storage4, 2x item7, 2x item10
[ NORMAL  ]  ##   Simulation at step 117
[ NORMAL  ]  ##   Simulation at step 118
[ NORMAL  ]  ##   Simulation at step 119
[ NORMAL  ]  ##   Simulation at step 120
[ NORMAL  ]  ##   Simulation at step 121
[ NORMAL  ]  ##   Simulation at step 122
[ NORMAL  ]  ##   Simulation at step 123
[ NORMAL  ]  ##   Simulation at step 124
[ NORMAL  ]  ##   Simulation at step 125
[ NORMAL  ]  ##   Simulation at step 126
[ NORMAL  ]  ##   Simulation at step 127
[ NORMAL  ]  ##   New Job: resources(12), reward(173), 128-221, storage0, 1x item8, 2x item7
[ NORMAL  ]  ##   Simulation at step 128
[ NORMAL  ]  ##   Simulation at step 129
[ NORMAL  ]  ##   New Job: resources(15), reward(252), 130-209, storage1, 1x item8, 1x item6, 1x item10
[ NORMAL  ]  ##   Simulation at step 130
[ NORMAL  ]  ##   New Job: resources(55), reward(399), 131-196, storage4, 2x item8, 1x item6, 1x item5, 1x item9, 3x item7, 2x item10
[ NORMAL  ]  ##   Simulation at step 131
[ NORMAL  ]  ##   New Job: resources(20), reward(226), 132-184, storage1, 1x item8, 1x item6, 1x item9
[ NORMAL  ]  ##   Simulation at step 132
[ NORMAL  ]  ##   Simulation at step 133
[ NORMAL  ]  ##   New Job: resources(28), reward(320), 134-198, storage6, 1x item8, 1x item6, 1x item9, 1x item10
[ NORMAL  ]  ##   Simulation at step 134
[ NORMAL  ]  ##   Simulation at step 135
[ NORMAL  ]  ##   New Job: resources(47), reward(394), 136-210, storage2, 2x item8, 2x item6, 2x item5, 1x item7, 3x item10
[ NORMAL  ]  ##   New AuctionJob: resources(22), reward(279), 136-228, storage1, 2x item8, 1x item9, 1x item7
[ NORMAL  ]  ##   Simulation at step 136
[ NORMAL  ]  ##   New Job: resources(27), reward(237), 137-230, storage1, 2x item8, 1x item5, 1x item7, 2x item10
[ NORMAL  ]  ##   Simulation at step 137
[ NORMAL  ]  ##   Simulation at step 138
[ NORMAL  ]  ##   Simulation at step 139
[ NORMAL  ]  ##   Simulation at step 140
[ NORMAL  ]  ##   Simulation at step 141
[ NORMAL  ]  ##   Simulation at step 142
[ NORMAL  ]  ##   Simulation at step 143
[ NORMAL  ]  ##   Simulation at step 144
[ NORMAL  ]  ##   Simulation at step 145
[ NORMAL  ]  ##   Simulation at step 146
[ NORMAL  ]  ##   Simulation at step 147
[ NORMAL  ]  ##   Simulation at step 148
[ NORMAL  ]  ##   Simulation at step 149
[ NORMAL  ]  ##   Simulation at step 150
[ NORMAL  ]  ##   Simulation at step 151
[ NORMAL  ]  ##   Simulation at step 152
[ NORMAL  ]  ##   Simulation at step 153
[ NORMAL  ]  ##   Simulation at step 154
[ NORMAL  ]  ##   Simulation at step 155
[ NORMAL  ]  ##   Simulation at step 156
[ NORMAL  ]  ##   Simulation at step 157
[ NORMAL  ]  ##   New Job: resources(25), reward(320), 158-233, storage2, 1x item6, 2x item5, 2x item10
[ NORMAL  ]  ##   Simulation at step 158
[ NORMAL  ]  ##   Simulation at step 159
[ NORMAL  ]  ##   Simulation at step 160
[ NORMAL  ]  ##   New Job: resources(4), reward(209), 161-246, storage2, 1x item8, 1x item5
[ NORMAL  ]  ##   Simulation at step 161
[ NORMAL  ]  ##   Simulation at step 162
[ NORMAL  ]  ##   New Job: resources(65), reward(475), 163-225, storage4, 4x item8, 1x item6, 4x item9
[ NORMAL  ]  ##   Simulation at step 163
[ NORMAL  ]  ##   Simulation at step 164
[ NORMAL  ]  ##   New Job: resources(31), reward(274), 165-240, storage6, 2x item9, 1x item7
[ NORMAL  ]  ##   Simulation at step 165
[ NORMAL  ]  ##   Simulation at step 166
